<?xml version="1.0" encoding="UTF-8"?>
<testsuite name="SILab2Test" tests="2" skipped="0" failures="0" errors="0" timestamp="2020-06-10T16:00:24" hostname="Klaras-MacBook-Pro.local" time="0.002">
  <properties/>
  <testcase name="EveryBranchTest" classname="SILab2Test" time="0.001"/>
  <testcase name="multipleConditionsTest" classname="SILab2Test" time="0.0"/>
  <system-out><![CDATA[]]></system-out>
  <system-err><![CDATA[]]></system-err>
</testsuite>
